This is pdfTeX, Version 3.14159265-2.6-1.40.20 (TeX Live 2019/Debian) (preloaded format=pdflatex 2021.8.12)  4 APR 2022 14:32
entering extended mode
 restricted \write18 enabled.
 %&-line parsing enabled.
**hermes_paper_elsevier.tex
(./hermes_paper_elsevier.tex
LaTeX2e <2020-02-02> patch level 2
L3 programming layer <2020-02-14>
(/home/edavid/texmf/tex/latex/local/elsarticle.cls
Document Class: elsarticle 2020/11/20, 3.3: Elsevier Ltd
(/usr/share/texlive/texmf-dist/tex/latex/l3kernel/expl3.sty
Package: expl3 2020-02-14 L3 programming layer (loader) 

(/usr/share/texlive/texmf-dist/tex/latex/l3backend/l3backend-pdfmode.def
File: l3backend-pdfmode.def 2020-02-03 L3 backend support: PDF mode
\l__kernel_color_stack_int=\count167
\l__pdf_internal_box=\box45
))
(/usr/share/texlive/texmf-dist/tex/latex/l3packages/xparse/xparse.sty
Package: xparse 2020-02-14 L3 Experimental document command parser
\l__xparse_current_arg_int=\count168
\g__xparse_grabber_int=\count169
\l__xparse_m_args_int=\count170
\l__xparse_v_nesting_int=\count171
)
(/usr/share/texlive/texmf-dist/tex/latex/etoolbox/etoolbox.sty
Package: etoolbox 2019/09/21 v2.5h e-TeX tools for LaTeX (JAW)
\etb@tempcnta=\count172
)
\@bls=\dimen134

(/usr/share/texlive/texmf-dist/tex/latex/base/article.cls
Document Class: article 2019/12/20 v1.4l Standard LaTeX document class
(/usr/share/texlive/texmf-dist/tex/latex/base/size10.clo
File: size10.clo 2019/12/20 v1.4l Standard LaTeX file (size option)
)
\c@part=\count173
\c@section=\count174
\c@subsection=\count175
\c@subsubsection=\count176
\c@paragraph=\count177
\c@subparagraph=\count178
\c@figure=\count179
\c@table=\count180
\abovecaptionskip=\skip47
\belowcaptionskip=\skip48
\bibindent=\dimen135
)
(/usr/share/texlive/texmf-dist/tex/latex/graphics/graphicx.sty
Package: graphicx 2019/11/30 v1.2a Enhanced LaTeX Graphics (DPC,SPQR)

(/usr/share/texlive/texmf-dist/tex/latex/graphics/keyval.sty
Package: keyval 2014/10/28 v1.15 key=value parser (DPC)
\KV@toks@=\toks14
)
(/usr/share/texlive/texmf-dist/tex/latex/graphics/graphics.sty
Package: graphics 2019/11/30 v1.4a Standard LaTeX Graphics (DPC,SPQR)

(/usr/share/texlive/texmf-dist/tex/latex/graphics/trig.sty
Package: trig 2016/01/03 v1.10 sin cos tan (DPC)
)
(/usr/share/texlive/texmf-dist/tex/latex/graphics-cfg/graphics.cfg
File: graphics.cfg 2016/06/04 v1.11 sample graphics configuration
)
Package graphics Info: Driver file: pdftex.def on input line 105.

(/usr/share/texlive/texmf-dist/tex/latex/graphics-def/pdftex.def
File: pdftex.def 2018/01/08 v1.0l Graphics/color driver for pdftex
))
\Gin@req@height=\dimen136
\Gin@req@width=\dimen137
)
\c@tnote=\count181
\c@fnote=\count182
\c@cnote=\count183
\c@ead=\count184
\c@author=\count185
\@eadauthor=\toks15
\c@affn=\count186
\absbox=\box46
\elsarticlehighlightsbox=\box47
\elsarticlegrabsbox=\box48
\keybox=\box49
\Columnwidth=\dimen138
\space@left=\dimen139
\els@boxa=\box50
\els@boxb=\box51
\leftMargin=\dimen140
\@enLab=\toks16
\@sep=\skip49
\@@sep=\skip50

(./hermes_paper_elsevier.spl)
(/usr/share/texlive/texmf-dist/tex/latex/natbib/natbib.sty
Package: natbib 2010/09/13 8.31b (PWD, AO)
\bibhang=\skip51
\bibsep=\skip52
LaTeX Info: Redefining \cite on input line 694.
\c@NAT@ctr=\count187
)
\splwrite=\write3
\openout3 = `hermes_paper_elsevier.spl'.

\appnamewidth=\dimen141
)
(/usr/share/texlive/texmf-dist/tex/latex/lineno/lineno.sty
Package: lineno 2005/11/02 line numbers on paragraphs v4.41
\linenopenalty=\count188
\output=\toks17
\linenoprevgraf=\count189
\linenumbersep=\dimen142
\linenumberwidth=\dimen143
\c@linenumber=\count190
\c@pagewiselinenumber=\count191
\c@LN@truepage=\count192
\c@internallinenumber=\count193
\c@internallinenumbers=\count194
\quotelinenumbersep=\dimen144
\bframerule=\dimen145
\bframesep=\dimen146
\bframebox=\box52
LaTeX Info: Redefining \\ on input line 3056.
)
(/usr/share/texlive/texmf-dist/tex/latex/hyperref/hyperref.sty
Package: hyperref 2020/01/14 v7.00d Hypertext links for LaTeX

(/usr/share/texlive/texmf-dist/tex/generic/ltxcmds/ltxcmds.sty
Package: ltxcmds 2019/12/15 v1.24 LaTeX kernel commands for general use (HO)
)
(/usr/share/texlive/texmf-dist/tex/generic/iftex/iftex.sty
Package: iftex 2019/11/07 v1.0c TeX engine tests
)
(/usr/share/texlive/texmf-dist/tex/latex/pdftexcmds/pdftexcmds.sty
Package: pdftexcmds 2019/11/24 v0.31 Utility functions of pdfTeX for LuaTeX (HO
)

(/usr/share/texlive/texmf-dist/tex/generic/infwarerr/infwarerr.sty
Package: infwarerr 2019/12/03 v1.5 Providing info/warning/error messages (HO)
)
Package pdftexcmds Info: \pdf@primitive is available.
Package pdftexcmds Info: \pdf@ifprimitive is available.
Package pdftexcmds Info: \pdfdraftmode found.
)
(/usr/share/texlive/texmf-dist/tex/generic/kvsetkeys/kvsetkeys.sty
Package: kvsetkeys 2019/12/15 v1.18 Key value parser (HO)
)
(/usr/share/texlive/texmf-dist/tex/generic/kvdefinekeys/kvdefinekeys.sty
Package: kvdefinekeys 2019-12-19 v1.6 Define keys (HO)
)
(/usr/share/texlive/texmf-dist/tex/generic/pdfescape/pdfescape.sty
Package: pdfescape 2019/12/09 v1.15 Implements pdfTeX's escape features (HO)
)
(/usr/share/texlive/texmf-dist/tex/latex/hycolor/hycolor.sty
Package: hycolor 2020-01-27 v1.10 Color options for hyperref/bookmark (HO)
)
(/usr/share/texlive/texmf-dist/tex/latex/letltxmacro/letltxmacro.sty
Package: letltxmacro 2019/12/03 v1.6 Let assignment for LaTeX macros (HO)
)
(/usr/share/texlive/texmf-dist/tex/latex/auxhook/auxhook.sty
Package: auxhook 2019-12-17 v1.6 Hooks for auxiliary files (HO)
)
(/usr/share/texlive/texmf-dist/tex/latex/kvoptions/kvoptions.sty
Package: kvoptions 2019/11/29 v3.13 Key value format for package options (HO)
)
\@linkdim=\dimen147
\Hy@linkcounter=\count195
\Hy@pagecounter=\count196

(/usr/share/texlive/texmf-dist/tex/latex/hyperref/pd1enc.def
File: pd1enc.def 2020/01/14 v7.00d Hyperref: PDFDocEncoding definition (HO)
Now handling font encoding PD1 ...
... no UTF-8 mapping file for font encoding PD1
)
(/usr/share/texlive/texmf-dist/tex/generic/intcalc/intcalc.sty
Package: intcalc 2019/12/15 v1.3 Expandable calculations with integers (HO)
)
(/usr/share/texlive/texmf-dist/tex/generic/etexcmds/etexcmds.sty
Package: etexcmds 2019/12/15 v1.7 Avoid name clashes with e-TeX commands (HO)
)
\Hy@SavedSpaceFactor=\count197
\pdfmajorversion=\count198
Package hyperref Info: Hyper figures OFF on input line 4547.
Package hyperref Info: Link nesting OFF on input line 4552.
Package hyperref Info: Hyper index ON on input line 4555.
Package hyperref Info: Plain pages OFF on input line 4562.
Package hyperref Info: Backreferencing OFF on input line 4567.
Package hyperref Info: Implicit mode ON; LaTeX internals redefined.
Package hyperref Info: Bookmarks ON on input line 4800.
\c@Hy@tempcnt=\count199

(/usr/share/texlive/texmf-dist/tex/latex/url/url.sty
\Urlmuskip=\muskip16
Package: url 2013/09/16  ver 3.4  Verb mode for urls, etc.
)
LaTeX Info: Redefining \url on input line 5159.
\XeTeXLinkMargin=\dimen148

(/usr/share/texlive/texmf-dist/tex/generic/bitset/bitset.sty
Package: bitset 2019/12/09 v1.3 Handle bit-vector datatype (HO)

(/usr/share/texlive/texmf-dist/tex/generic/bigintcalc/bigintcalc.sty
Package: bigintcalc 2019/12/15 v1.5 Expandable calculations on big integers (HO
)
))
\Fld@menulength=\count266
\Field@Width=\dimen149
\Fld@charsize=\dimen150
Package hyperref Info: Hyper figures OFF on input line 6430.
Package hyperref Info: Link nesting OFF on input line 6435.
Package hyperref Info: Hyper index ON on input line 6438.
Package hyperref Info: backreferencing OFF on input line 6445.
Package hyperref Info: Link coloring OFF on input line 6450.
Package hyperref Info: Link coloring with OCG OFF on input line 6455.
Package hyperref Info: PDF/A mode OFF on input line 6460.
LaTeX Info: Redefining \ref on input line 6500.
LaTeX Info: Redefining \pageref on input line 6504.

(/usr/share/texlive/texmf-dist/tex/generic/atbegshi/atbegshi.sty
Package: atbegshi 2019/12/05 v1.19 At begin shipout hook (HO)
)
\Hy@abspage=\count267
\c@Item=\count268
\c@Hfootnote=\count269
)
Package hyperref Info: Driver (autodetected): hpdftex.

(/usr/share/texlive/texmf-dist/tex/latex/hyperref/hpdftex.def
File: hpdftex.def 2020/01/14 v7.00d Hyperref driver for pdfTeX

(/usr/share/texlive/texmf-dist/tex/latex/atveryend/atveryend.sty
Package: atveryend 2019-12-11 v1.11 Hooks at the very end of document (HO)
)
\Fld@listcount=\count270
\c@bookmark@seq@number=\count271

(/usr/share/texlive/texmf-dist/tex/latex/rerunfilecheck/rerunfilecheck.sty
Package: rerunfilecheck 2019/12/05 v1.9 Rerun checks for auxiliary files (HO)

(/usr/share/texlive/texmf-dist/tex/generic/uniquecounter/uniquecounter.sty
Package: uniquecounter 2019/12/15 v1.4 Provide unlimited unique counter (HO)
)
Package uniquecounter Info: New unique counter `rerunfilecheck' on input line 2
86.
)
\Hy@SectionHShift=\skip53
)
(/usr/share/texlive/texmf-dist/tex/latex/amsfonts/amssymb.sty
Package: amssymb 2013/01/14 v3.01 AMS font symbols

(/usr/share/texlive/texmf-dist/tex/latex/amsfonts/amsfonts.sty
Package: amsfonts 2013/01/14 v3.01 Basic AMSFonts support
\@emptytoks=\toks18
\symAMSa=\mathgroup4
\symAMSb=\mathgroup5
LaTeX Font Info:    Redeclaring math symbol \hbar on input line 98.
LaTeX Font Info:    Overwriting math alphabet `\mathfrak' in version `bold'
(Font)                  U/euf/m/n --> U/euf/b/n on input line 106.
))
(/usr/share/texlive/texmf-dist/tex/latex/amsmath/amsmath.sty
Package: amsmath 2020/01/20 v2.17e AMS math features
\@mathmargin=\skip54

For additional information on amsmath, use the `?' option.
(/usr/share/texlive/texmf-dist/tex/latex/amsmath/amstext.sty
Package: amstext 2000/06/29 v2.01 AMS text

(/usr/share/texlive/texmf-dist/tex/latex/amsmath/amsgen.sty
File: amsgen.sty 1999/11/30 v2.0 generic functions
\@emptytoks=\toks19
\ex@=\dimen151
))
(/usr/share/texlive/texmf-dist/tex/latex/amsmath/amsbsy.sty
Package: amsbsy 1999/11/29 v1.2d Bold Symbols
\pmbraise@=\dimen152
)
(/usr/share/texlive/texmf-dist/tex/latex/amsmath/amsopn.sty
Package: amsopn 2016/03/08 v2.02 operator names
)
\inf@bad=\count272
LaTeX Info: Redefining \frac on input line 227.
\uproot@=\count273
\leftroot@=\count274
LaTeX Info: Redefining \overline on input line 389.
\classnum@=\count275
\DOTSCASE@=\count276
LaTeX Info: Redefining \ldots on input line 486.
LaTeX Info: Redefining \dots on input line 489.
LaTeX Info: Redefining \cdots on input line 610.
\Mathstrutbox@=\box53
\strutbox@=\box54
\big@size=\dimen153
LaTeX Font Info:    Redeclaring font encoding OML on input line 733.
LaTeX Font Info:    Redeclaring font encoding OMS on input line 734.
\macc@depth=\count277
\c@MaxMatrixCols=\count278
\dotsspace@=\muskip17
\c@parentequation=\count279
\dspbrk@lvl=\count280
\tag@help=\toks20
\row@=\count281
\column@=\count282
\maxfields@=\count283
\andhelp@=\toks21
\eqnshift@=\dimen154
\alignsep@=\dimen155
\tagshift@=\dimen156
\tagwidth@=\dimen157
\totwidth@=\dimen158
\lineht@=\dimen159
\@envbody=\toks22
\multlinegap=\skip55
\multlinetaggap=\skip56
\mathdisplay@stack=\toks23
LaTeX Info: Redefining \[ on input line 2859.
LaTeX Info: Redefining \] on input line 2860.
)
(/usr/share/texlive/texmf-dist/tex/latex/amscls/amsthm.sty
Package: amsthm 2017/10/31 v2.20.4
\thm@style=\toks24
\thm@bodyfont=\toks25
\thm@headfont=\toks26
\thm@notefont=\toks27
\thm@headpunct=\toks28
\thm@preskip=\skip57
\thm@postskip=\skip58
\thm@headsep=\skip59
\dth@everypar=\toks29
LaTeX Info: Redefining \qed on input line 274.
)
(./hermes_paper_elsevier.aux)
\openout1 = `hermes_paper_elsevier.aux'.

LaTeX Font Info:    Checking defaults for OML/cmm/m/it on input line 81.
LaTeX Font Info:    ... okay on input line 81.
LaTeX Font Info:    Checking defaults for OMS/cmsy/m/n on input line 81.
LaTeX Font Info:    ... okay on input line 81.
LaTeX Font Info:    Checking defaults for OT1/cmr/m/n on input line 81.
LaTeX Font Info:    ... okay on input line 81.
LaTeX Font Info:    Checking defaults for T1/cmr/m/n on input line 81.
LaTeX Font Info:    ... okay on input line 81.
LaTeX Font Info:    Checking defaults for TS1/cmr/m/n on input line 81.
LaTeX Font Info:    ... okay on input line 81.
LaTeX Font Info:    Checking defaults for OMX/cmex/m/n on input line 81.
LaTeX Font Info:    ... okay on input line 81.
LaTeX Font Info:    Checking defaults for U/cmr/m/n on input line 81.
LaTeX Font Info:    ... okay on input line 81.
LaTeX Font Info:    Checking defaults for PD1/pdf/m/n on input line 81.
LaTeX Font Info:    ... okay on input line 81.

(/usr/share/texlive/texmf-dist/tex/context/base/mkii/supp-pdf.mkii
[Loading MPS to PDF converter (version 2006.09.02).]
\scratchcounter=\count284
\scratchdimen=\dimen160
\scratchbox=\box55
\nofMPsegments=\count285
\nofMParguments=\count286
\everyMPshowfont=\toks30
\MPscratchCnt=\count287
\MPscratchDim=\dimen161
\MPnumerator=\count288
\makeMPintoPDFobject=\count289
\everyMPtoPDFconversion=\toks31
) (/usr/share/texlive/texmf-dist/tex/latex/epstopdf-pkg/epstopdf-base.sty
Package: epstopdf-base 2020-01-24 v2.11 Base part for package epstopdf
Package epstopdf-base Info: Redefining graphics rule for `.eps' on input line 4
85.

(/usr/share/texlive/texmf-dist/tex/latex/latexconfig/epstopdf-sys.cfg
File: epstopdf-sys.cfg 2010/07/13 v1.3 Configuration of (r)epstopdf for TeX Liv
e
))
\AtBeginShipoutBox=\box56
Package hyperref Info: Link coloring OFF on input line 81.

(/usr/share/texlive/texmf-dist/tex/latex/hyperref/nameref.sty
Package: nameref 2019/09/16 v2.46 Cross-referencing by name of section

(/usr/share/texlive/texmf-dist/tex/latex/refcount/refcount.sty
Package: refcount 2019/12/15 v3.6 Data extraction from label references (HO)
)
(/usr/share/texlive/texmf-dist/tex/generic/gettitlestring/gettitlestring.sty
Package: gettitlestring 2019/12/15 v1.6 Cleanup title references (HO)
)
\c@section@level=\count290
)
LaTeX Info: Redefining \ref on input line 81.
LaTeX Info: Redefining \pageref on input line 81.
LaTeX Info: Redefining \nameref on input line 81.

(./hermes_paper_elsevier.out) (./hermes_paper_elsevier.out)
\@outlinefile=\write4
\openout4 = `hermes_paper_elsevier.out'.

LaTeX Font Info:    Trying to load font information for U+msa on input line 100
.

(/usr/share/texlive/texmf-dist/tex/latex/amsfonts/umsa.fd
File: umsa.fd 2013/01/14 v3.01 AMS symbols A
)
LaTeX Font Info:    Trying to load font information for U+msb on input line 100
.

(/usr/share/texlive/texmf-dist/tex/latex/amsfonts/umsb.fd
File: umsb.fd 2013/01/14 v3.01 AMS symbols B
)
Overfull \hbox (2.22221pt too wide) has occurred while \output is active
[] 
 []

[1


{/var/lib/texmf/fonts/map/pdftex/updmap/pdftex.map}] [2] [3] [4] [5]
<figure/br_female_texture_verticalstripe.png, id=207, 1084.05pt x 433.62pt>
File: figure/br_female_texture_verticalstripe.png Graphic file (type png)
<use figure/br_female_texture_verticalstripe.png>
Package pdftex.def Info: figure/br_female_texture_verticalstripe.png  used on i
nput line 159.
(pdftex.def)             Requested size: 345.0pt x 138.00034pt.
 [6 <./figure/br_female_texture_verticalstripe.png>] [7]
<figure/HERMES_archi.png, id=226, 854.19125pt x 261.97874pt>
File: figure/HERMES_archi.png Graphic file (type png)
<use figure/HERMES_archi.png>
Package pdftex.def Info: figure/HERMES_archi.png  used on input line 209.
(pdftex.def)             Requested size: 345.0pt x 105.80899pt.
 [8 <./figure/HERMES_archi.png>]
<figure/cn_female_top_raw.png, id=237, 1084.05pt x 433.62pt>
File: figure/cn_female_top_raw.png Graphic file (type png)
<use figure/cn_female_top_raw.png>
Package pdftex.def Info: figure/cn_female_top_raw.png  used on input line 233.
(pdftex.def)             Requested size: 345.0pt x 138.00034pt.
<figure/cn_female_top_norm.png, id=238, 1084.05pt x 433.62pt>
File: figure/cn_female_top_norm.png Graphic file (type png)
<use figure/cn_female_top_norm.png>
Package pdftex.def Info: figure/cn_female_top_norm.png  used on input line 239.

(pdftex.def)             Requested size: 345.0pt x 138.00034pt.

Overfull \hbox (1.8895pt too wide) in paragraph at lines 274--277
[]\OT1/cmr/m/n/10 In the-o-ret-i-cal fash-ion dy-nam-ics []Rogers[] ([]1962[]),
 dif-fer-ent cat-e-gories of adopters
 []

[9] [10 <./figure/cn_female_top_raw.png> <./figure/cn_female_top_norm.png>]
<figure/ff_example.png, id=257, 1084.05pt x 433.62pt>
File: figure/ff_example.png Graphic file (type png)
<use figure/ff_example.png>
Package pdftex.def Info: figure/ff_example.png  used on input line 294.
(pdftex.def)             Requested size: 345.0pt x 138.00034pt.

[11 <./figure/ff_example.png>]
<figure/train_eval_test_set.png, id=270, 1084.05pt x 433.62pt>
File: figure/train_eval_test_set.png Graphic file (type png)
<use figure/train_eval_test_set.png>
Package pdftex.def Info: figure/train_eval_test_set.png  used on input line 320
.
(pdftex.def)             Requested size: 345.0pt x 138.00034pt.
<figure/lstm_archi.png, id=271, 835.12pt x 296.10625pt>
File: figure/lstm_archi.png Graphic file (type png)
<use figure/lstm_archi.png>
Package pdftex.def Info: figure/lstm_archi.png  used on input line 327.
(pdftex.def)             Requested size: 276.00105pt x 97.85994pt.
 [12] [13 <./figure/train_eval_test_set.png> <./figure/lstm_archi.png>] [14]
<figure/us_female_top.png, id=299, 1084.05pt x 433.62pt>
File: figure/us_female_top.png Graphic file (type png)
<use figure/us_female_top.png>
Package pdftex.def Info: figure/us_female_top.png  used on input line 389.
(pdftex.def)             Requested size: 345.0pt x 138.00034pt.
<figure/cn_female_texture_horizontalstripe.png, id=300, 1084.05pt x 433.62pt>
File: figure/cn_female_texture_horizontalstripe.png Graphic file (type png)
<use figure/cn_female_texture_horizontalstripe.png>
Package pdftex.def Info: figure/cn_female_texture_horizontalstripe.png  used on
 input line 395.
(pdftex.def)             Requested size: 345.0pt x 138.00034pt.
 [15] [16] [17 <./figure/us_female_top.png> <./figure/cn_female_texture_horizon
talstripe.png>] [18] [19]
<figure/M4_dataset.png, id=335, 1084.05pt x 433.62pt>
File: figure/M4_dataset.png Graphic file (type png)
<use figure/M4_dataset.png>
Package pdftex.def Info: figure/M4_dataset.png  used on input line 514.
(pdftex.def)             Requested size: 345.0pt x 138.00034pt.
 [20 <./figure/M4_dataset.png>] [21] [22]
<figure/W10.png, id=366, 1084.05pt x 433.62pt>
File: figure/W10.png Graphic file (type png)
<use figure/W10.png>
Package pdftex.def Info: figure/W10.png  used on input line 599.
(pdftex.def)             Requested size: 345.0pt x 138.00034pt.
<figure/W20.png, id=367, 1084.05pt x 433.62pt>
File: figure/W20.png Graphic file (type png)
<use figure/W20.png>
Package pdftex.def Info: figure/W20.png  used on input line 605.
(pdftex.def)             Requested size: 345.0pt x 138.00034pt.
<figure/W220.png, id=368, 1084.05pt x 433.62pt>
File: figure/W220.png Graphic file (type png)
<use figure/W220.png>
Package pdftex.def Info: figure/W220.png  used on input line 611.
(pdftex.def)             Requested size: 345.0pt x 138.00034pt.
<figure/W133_pred.png, id=369, 1084.05pt x 433.62pt>
File: figure/W133_pred.png Graphic file (type png)
<use figure/W133_pred.png>
Package pdftex.def Info: figure/W133_pred.png  used on input line 629.
(pdftex.def)             Requested size: 345.0pt x 138.00034pt.
<figure/W314_pred.png, id=370, 1084.05pt x 433.62pt>
File: figure/W314_pred.png Graphic file (type png)
<use figure/W314_pred.png>
Package pdftex.def Info: figure/W314_pred.png  used on input line 635.
(pdftex.def)             Requested size: 345.0pt x 138.00034pt.
 [23] [24 <./figure/W10.png> <./figure/W20.png> <./figure/W220.png>] [25 <./fig
ure/W133_pred.png> <./figure/W314_pred.png>]
<figure/loss_function.png, id=395, 1084.05pt x 433.62pt>
File: figure/loss_function.png Graphic file (type png)
<use figure/loss_function.png>
Package pdftex.def Info: figure/loss_function.png  used on input line 664.
(pdftex.def)             Requested size: 345.0pt x 138.00034pt.
<figure/m4_nb_of_window.png, id=398, 1084.05pt x 433.62pt>
File: figure/m4_nb_of_window.png Graphic file (type png)
<use figure/m4_nb_of_window.png>
Package pdftex.def Info: figure/m4_nb_of_window.png  used on input line 681.
(pdftex.def)             Requested size: 345.0pt x 138.00034pt.
<figure/m4_batch_size.png, id=399, 1084.05pt x 433.62pt>
File: figure/m4_batch_size.png Graphic file (type png)
<use figure/m4_batch_size.png>
Package pdftex.def Info: figure/m4_batch_size.png  used on input line 687.
(pdftex.def)             Requested size: 345.0pt x 138.00034pt.
<figure/m4_learning_rate.png, id=400, 1084.05pt x 433.62pt>
File: figure/m4_learning_rate.png Graphic file (type png)
<use figure/m4_learning_rate.png>
Package pdftex.def Info: figure/m4_learning_rate.png  used on input line 693.
(pdftex.def)             Requested size: 345.0pt x 138.00034pt.
 [26]
(./hermes_paper_elsevier.bbl
Underfull \hbox (badness 5388) in paragraph at lines 55--64
[]\OT1/cmr/m/n/10 Hyndman, R. J., Athana-sopou-los, G., Bergmeir, C., Cac-eres,
 G.,
 []


Underfull \hbox (badness 6412) in paragraph at lines 55--64
\OT1/cmr/m/n/10 Chhay, L., O'Hara-Wild, M., Petropou-los, F., Razbash, S., &
 []

[27 <./figure/loss_function.png>] [28 <./figure/m4_nb_of_window.png> <./figure/
m4_batch_size.png> <./figure/m4_learning_rate.png>] [29])
Package atveryend Info: Empty hook `BeforeClearDocument' on input line 705.
 [30]
Package atveryend Info: Empty hook `AfterLastShipout' on input line 705.

(./hermes_paper_elsevier.aux)
Package atveryend Info: Executing hook `AtVeryEndDocument' on input line 705.
Package atveryend Info: Executing hook `AtEndAfterFileList' on input line 705.
Package rerunfilecheck Info: File `hermes_paper_elsevier.out' has not changed.
(rerunfilecheck)             Checksum: 51E24168265572D1926BFD3FBB73A897;1203.
 ) 
Here is how much of TeX's memory you used:
 8379 strings out of 483065
 128440 string characters out of 5963550
 406592 words of memory out of 5000000
 23141 multiletter control sequences out of 15000+600000
 543818 words of font info for 67 fonts, out of 8000000 for 9000
 81 hyphenation exceptions out of 8191
 38i,10n,38p,1521b,478s stack positions out of 5000i,500n,10000p,200000b,80000s
</usr/share/texlive/texmf-dist/fonts/type1/public/amsfonts/cm/cmbx10.pfb></us
r/share/texlive/texmf-dist/fonts/type1/public/amsfonts/cm/cmbxti10.pfb></usr/sh
are/texlive/texmf-dist/fonts/type1/public/amsfonts/cm/cmcsc10.pfb></usr/share/t
exlive/texmf-dist/fonts/type1/public/amsfonts/cm/cmex10.pfb></usr/share/texlive
/texmf-dist/fonts/type1/public/amsfonts/cm/cmmi10.pfb></usr/share/texlive/texmf
-dist/fonts/type1/public/amsfonts/cm/cmmi7.pfb></usr/share/texlive/texmf-dist/f
onts/type1/public/amsfonts/cm/cmr10.pfb></usr/share/texlive/texmf-dist/fonts/ty
pe1/public/amsfonts/cm/cmr12.pfb></usr/share/texlive/texmf-dist/fonts/type1/pub
lic/amsfonts/cm/cmr6.pfb></usr/share/texlive/texmf-dist/fonts/type1/public/amsf
onts/cm/cmr7.pfb></usr/share/texlive/texmf-dist/fonts/type1/public/amsfonts/cm/
cmr8.pfb></usr/share/texlive/texmf-dist/fonts/type1/public/amsfonts/cm/cmss8.pf
b></usr/share/texlive/texmf-dist/fonts/type1/public/amsfonts/cm/cmsy10.pfb></us
r/share/texlive/texmf-dist/fonts/type1/public/amsfonts/cm/cmsy7.pfb></usr/share
/texlive/texmf-dist/fonts/type1/public/amsfonts/cm/cmti10.pfb></usr/share/texli
ve/texmf-dist/fonts/type1/public/amsfonts/cm/cmti7.pfb></usr/share/texlive/texm
f-dist/fonts/type1/public/amsfonts/cm/cmti8.pfb></usr/share/texlive/texmf-dist/
fonts/type1/public/amsfonts/cm/cmti9.pfb></usr/share/texlive/texmf-dist/fonts/t
ype1/public/amsfonts/cm/cmtt10.pfb></usr/share/texlive/texmf-dist/fonts/type1/p
ublic/amsfonts/cm/cmtt8.pfb></usr/share/texlive/texmf-dist/fonts/type1/public/a
msfonts/symbols/msam10.pfb></usr/share/texlive/texmf-dist/fonts/type1/public/am
sfonts/symbols/msam7.pfb></usr/share/texlive/texmf-dist/fonts/type1/public/amsf
onts/symbols/msbm10.pfb>
Output written on hermes_paper_elsevier.pdf (30 pages, 1111164 bytes).
PDF statistics:
 528 PDF objects out of 1000 (max. 8388607)
 430 compressed objects within 5 object streams
 99 named destinations out of 1000 (max. 500000)
 232 words of extra memory for PDF output out of 10000 (max. 10000000)

