\BOOKMARK [1][-]{section.1}{Introduction}{}% 1
\BOOKMARK [1][-]{section.2}{From social media to fashion time series}{}% 2
\BOOKMARK [2][-]{subsection.2.1}{Translate fashion to data}{section.2}% 3
\BOOKMARK [2][-]{subsection.2.2}{Removing social media bias}{section.2}% 4
\BOOKMARK [2][-]{subsection.2.3}{Weak signal}{section.2}% 5
\BOOKMARK [2][-]{subsection.2.4}{Fashion dataset}{section.2}% 6
\BOOKMARK [1][-]{section.3}{HERMES: a new hybrid model for time series forecasting}{}% 7
\BOOKMARK [2][-]{subsection.3.1}{Per-time-series predictors}{section.3}% 8
\BOOKMARK [2][-]{subsection.3.2}{Error-corrector recurrent model}{section.3}% 9
\BOOKMARK [2][-]{subsection.3.3}{Weak signal}{section.3}% 10
\BOOKMARK [1][-]{section.4}{Experimental results}{}% 11
\BOOKMARK [2][-]{subsection.4.1}{Training}{section.4}% 12
\BOOKMARK [2][-]{subsection.4.2}{Benchmarks, hybrid models and Metrics}{section.4}% 13
\BOOKMARK [2][-]{subsection.4.3}{Result for the Fashion dataset}{section.4}% 14
\BOOKMARK [2][-]{subsection.4.4}{Result for M4 weekly dataset}{section.4}% 15
\BOOKMARK [1][-]{section.5}{Conclusion}{}% 16
\BOOKMARK [1][-]{appendix.A}{M4 weekly dataset, Ensembling training and results}{}% 17
\BOOKMARK [2][-]{subsection.A.1}{M4 weekly dataset}{appendix.A}% 18
\BOOKMARK [2][-]{subsection.A.2}{M4 accuracy metrics}{appendix.A}% 19
\BOOKMARK [2][-]{subsection.A.3}{FFORMA ensembling with HERMES variations}{appendix.A}% 20
\BOOKMARK [2][-]{subsection.A.4}{M4 weekly dataset results}{appendix.A}% 21
\BOOKMARK [1][-]{appendix.B}{Training parameters and loss}{}% 22
\BOOKMARK [2][-]{subsection.B.1}{Loss grid search on the Fashion Dataset}{appendix.B}% 23
\BOOKMARK [2][-]{subsection.B.2}{Parameters grid search on the M4 weekly Dataset}{appendix.B}% 24
